<!DOCTYPE html PUBLIC "-//W3C//DTD XHTML 1.1//EN" "https://www.w3.org/TR/xhtml11/DTD/xhtml11.dtd">
<html xmlns="https://www.w3.org/1999/xhtml">
<head>
<meta http-equiv="content-type" content="text/html; charset=UTF-8"/>
<title>TestNG Report</title>
<style type="text/css">table {margin-bottom:10px;border-collapse:collapse;empty-cells:show}th,td {border:1px solid #009;padding:.25em .5em}th {vertical-align:bottom}td {vertical-align:top}table a {font-weight:bold}.stripe td {background-color: #E6EBF9}.num {text-align:right}.passedodd td {background-color: #3F3}.passedeven td {background-color: #0A0}.skippedodd td {background-color: #DDD}.skippedeven td {background-color: #CCC}.failedodd td,.attn {background-color: #F33}.failedeven td,.stripe .attn {background-color: #D00}.stacktrace {white-space:pre;font-family:monospace}.totop {font-size:85%;text-align:center;border-bottom:2px solid #000}.invisible {display:none}</style>
</head>
<body>
<table>
<tr><th>Test</th><th># Passed</th><th># Skipped</th><th># Retried</th><th># Failed</th><th>Time (ms)</th><th>Included Groups</th><th>Excluded Groups</th></tr>
<tr><th colspan="8">ParaBankSuite</th></tr>
<tr><td><a href="#t0">SequentialTests</a></td><td class="num">0</td><td class="num attn">12</td><td class="num">0</td><td class="num">0</td><td class="num">76</td><td></td><td></td></tr>
</table>
<table id='summary'><thead><tr><th>Class</th><th>Method</th><th>Start</th><th>Time (ms)</th></tr></thead><tbody><tr><th colspan="4">ParaBankSuite</th></tr></tbody><tbody id="t0"><tr><th colspan="4">SequentialTests &#8212; failed (configuration methods)</th></tr><tr class="failedeven"><td rowspan="2">test.AccountTest</td><td><a href="#m0">setUp</a></td><td rowspan="1">1754803627286</td><td rowspan="1">-1754803627286</td></tr><tr class="failedeven"><td><a href="#m1">tearDown</a></td><td rowspan="1">1754803627287</td><td rowspan="1">2</td></tr><tr class="failedodd"><td rowspan="4">test.CustomerSupportTest</td><td><a href="#m2">setUp</a></td><td rowspan="2">1754803627307</td><td rowspan="2">-1754803627307</td></tr><tr class="failedodd"><td><a href="#m3">setUp</a></td></tr><tr class="failedodd"><td><a href="#m4">tearDown</a></td><td rowspan="2">1754803627306</td><td rowspan="2">0</td></tr><tr class="failedodd"><td><a href="#m5">tearDown</a></td></tr><tr class="failedeven"><td rowspan="4">test.FundsTransferTest</td><td><a href="#m6">setUp</a></td><td rowspan="2">1754803627290</td><td rowspan="2">-1754803627290</td></tr><tr class="failedeven"><td><a href="#m7">setUp</a></td></tr><tr class="failedeven"><td><a href="#m8">tearDown</a></td><td rowspan="2">1754803627295</td><td rowspan="2">1</td></tr><tr class="failedeven"><td><a href="#m9">tearDown</a></td></tr><tr class="failedodd"><td rowspan="4">test.LoanRequestTest</td><td><a href="#m10">setUp</a></td><td rowspan="2">1754803627298</td><td rowspan="2">-1754803627298</td></tr><tr class="failedodd"><td><a href="#m11">setUp</a></td></tr><tr class="failedodd"><td><a href="#m12">tearDown</a></td><td rowspan="2">1754803627300</td><td rowspan="2">1</td></tr><tr class="failedodd"><td><a href="#m13">tearDown</a></td></tr><tr class="failedeven"><td rowspan="6">test.LoginTest</td><td><a href="#m14">setUp</a></td><td rowspan="3">1754803627281</td><td rowspan="3">-1754803627281</td></tr><tr class="failedeven"><td><a href="#m15">setUp</a></td></tr><tr class="failedeven"><td><a href="#m16">setUp</a></td></tr><tr class="failedeven"><td><a href="#m17">tearDown</a></td><td rowspan="3">1754803627274</td><td rowspan="3">1</td></tr><tr class="failedeven"><td><a href="#m18">tearDown</a></td></tr><tr class="failedeven"><td><a href="#m19">tearDown</a></td></tr><tr class="failedodd"><td rowspan="2">test.NavigationUITest</td><td><a href="#m20">setUp</a></td><td rowspan="1">1754803627309</td><td rowspan="1">-1754803627309</td></tr><tr class="failedodd"><td><a href="#m21">tearDown</a></td><td rowspan="1">1754803627311</td><td rowspan="1">0</td></tr><tr class="failedeven"><td rowspan="2">test.RegisterTests</td><td><a href="#m22">setUp</a></td><td rowspan="1">1754803627254</td><td rowspan="1">-1754803627254</td></tr><tr class="failedeven"><td><a href="#m23">tearDown</a></td><td rowspan="1">1754803627264</td><td rowspan="1">2</td></tr><tr><th colspan="4">SequentialTests &#8212; skipped</th></tr><tr class="skippedeven"><td rowspan="1">test.AccountTest</td><td><a href="#m24">accountsOverviewAndTable</a></td><td rowspan="1">1754803627287</td><td rowspan="1">0</td></tr><tr class="skippedodd"><td rowspan="2">test.CustomerSupportTest</td><td><a href="#m25">contactFormEmpty</a></td><td rowspan="1">1754803627308</td><td rowspan="1">0</td></tr><tr class="skippedodd"><td><a href="#m26">contactFormSubmitValid</a></td><td rowspan="1">1754803627305</td><td rowspan="1">0</td></tr><tr class="skippedeven"><td rowspan="2">test.FundsTransferTest</td><td><a href="#m27">transferInsufficientBalance</a></td><td rowspan="1">1754803627295</td><td rowspan="1">0</td></tr><tr class="skippedeven"><td><a href="#m28">validTransfer</a></td><td rowspan="1">1754803627291</td><td rowspan="1">0</td></tr><tr class="skippedodd"><td rowspan="2">test.LoanRequestTest</td><td><a href="#m29">requestLoanMissingInfo</a></td><td rowspan="1">1754803627302</td><td rowspan="1">0</td></tr><tr class="skippedodd"><td><a href="#m30">requestLoanValid</a></td><td rowspan="1">1754803627299</td><td rowspan="1">0</td></tr><tr class="skippedeven"><td rowspan="3">test.LoginTest</td><td><a href="#m31">emptyFieldsLogin</a></td><td rowspan="1">1754803627283</td><td rowspan="1">0</td></tr><tr class="skippedeven"><td><a href="#m32">invalidPassword</a></td><td rowspan="1">1754803627278</td><td rowspan="1">0</td></tr><tr class="skippedeven"><td><a href="#m33">validLogin</a></td><td rowspan="1">1754803627271</td><td rowspan="1">1</td></tr><tr class="skippedodd"><td rowspan="1">test.NavigationUITest</td><td><a href="#m34">navigationAndLogo</a></td><td rowspan="1">1754803627310</td><td rowspan="1">0</td></tr><tr class="skippedeven"><td rowspan="1">test.RegisterTests</td><td><a href="#m35">registerProvidedUser</a></td><td rowspan="1">1754803627262</td><td rowspan="1">0</td></tr></tbody>
</table>
<h2>SequentialTests</h2><h3 id="m0">test.AccountTest#setUp</h3><table class="result"><tr><th>Exception</th></tr><tr><td><div class="stacktrace">org.testng.TestNGException: 
Can inject only one of &lt;ITestContext, XmlTest, Method, Object[], ITestResult&gt; into a @BeforeMethod annotated setUp.
For more information on native dependency injection please refer to https://testng.org/doc/documentation-main.html#native-dependency-injection
	at java.base/java.util.ArrayList.forEach(ArrayList.java:1596)
... Removed 32 stack frames</div></td></tr></table><p class="totop"><a href="#summary">back to summary</a></p>
<h3 id="m1">test.AccountTest#tearDown</h3><table class="result"><tr class="param"><th>Parameter #1</th></tr><tr class="param stripe"><td>[TestResult name=accountsOverviewAndTable status=SKIP method=AccountTest.accountsOverviewAndTable()[pri:5, instance:test.AccountTest@4efbca5a] output={null}]</td></tr><tr><th>Exception</th></tr><tr><td><div class="stacktrace">java.lang.NullPointerException: Cannot invoke &quot;com.aventstack.extentreports.ExtentTest.log(com.aventstack.extentreports.Status, String)&quot; because &quot;this.test&quot; is null
	at base.BaseTest.tearDown(BaseTest.java:48)
	at java.base/java.util.ArrayList.forEach(ArrayList.java:1596)
... Removed 34 stack frames</div></td></tr></table><p class="totop"><a href="#summary">back to summary</a></p>
<h3 id="m2">test.CustomerSupportTest#setUp</h3><table class="result"><tr><th>Exception</th></tr><tr><td><div class="stacktrace">org.testng.TestNGException: 
Can inject only one of &lt;ITestContext, XmlTest, Method, Object[], ITestResult&gt; into a @BeforeMethod annotated setUp.
For more information on native dependency injection please refer to https://testng.org/doc/documentation-main.html#native-dependency-injection
	at java.base/java.util.ArrayList.forEach(ArrayList.java:1596)
... Removed 32 stack frames</div></td></tr></table><p class="totop"><a href="#summary">back to summary</a></p>
<h3 id="m3">test.CustomerSupportTest#setUp</h3><table class="result"><tr><th>Exception</th></tr><tr><td><div class="stacktrace">org.testng.TestNGException: 
Can inject only one of &lt;ITestContext, XmlTest, Method, Object[], ITestResult&gt; into a @BeforeMethod annotated setUp.
For more information on native dependency injection please refer to https://testng.org/doc/documentation-main.html#native-dependency-injection
	at java.base/java.util.ArrayList.forEach(ArrayList.java:1596)
... Removed 32 stack frames</div></td></tr></table><p class="totop"><a href="#summary">back to summary</a></p>
<h3 id="m4">test.CustomerSupportTest#tearDown</h3><table class="result"><tr class="param"><th>Parameter #1</th></tr><tr class="param stripe"><td>[TestResult name=contactFormSubmitValid status=SKIP method=CustomerSupportTest.contactFormSubmitValid()[pri:10, instance:test.CustomerSupportTest@77fbd92c] output={null}]</td></tr><tr><th>Exception</th></tr><tr><td><div class="stacktrace">java.lang.NullPointerException: Cannot invoke &quot;com.aventstack.extentreports.ExtentTest.log(com.aventstack.extentreports.Status, String)&quot; because &quot;this.test&quot; is null
	at base.BaseTest.tearDown(BaseTest.java:48)
	at java.base/java.util.ArrayList.forEach(ArrayList.java:1596)
... Removed 34 stack frames</div></td></tr></table><p class="totop"><a href="#summary">back to summary</a></p>
<h3 id="m5">test.CustomerSupportTest#tearDown</h3><table class="result"><tr class="param"><th>Parameter #1</th></tr><tr class="param stripe"><td>[TestResult name=contactFormEmpty status=SKIP method=CustomerSupportTest.contactFormEmpty()[pri:11, instance:test.CustomerSupportTest@77fbd92c] output={null}]</td></tr><tr><th>Exception</th></tr><tr><td><div class="stacktrace">java.lang.NullPointerException: Cannot invoke &quot;com.aventstack.extentreports.ExtentTest.log(com.aventstack.extentreports.Status, String)&quot; because &quot;this.test&quot; is null
	at base.BaseTest.tearDown(BaseTest.java:48)
	at java.base/java.util.ArrayList.forEach(ArrayList.java:1596)
... Removed 34 stack frames</div></td></tr></table><p class="totop"><a href="#summary">back to summary</a></p>
<h3 id="m6">test.FundsTransferTest#setUp</h3><table class="result"><tr><th>Exception</th></tr><tr><td><div class="stacktrace">org.testng.TestNGException: 
Can inject only one of &lt;ITestContext, XmlTest, Method, Object[], ITestResult&gt; into a @BeforeMethod annotated setUp.
For more information on native dependency injection please refer to https://testng.org/doc/documentation-main.html#native-dependency-injection
	at java.base/java.util.ArrayList.forEach(ArrayList.java:1596)
... Removed 32 stack frames</div></td></tr></table><p class="totop"><a href="#summary">back to summary</a></p>
<h3 id="m7">test.FundsTransferTest#setUp</h3><table class="result"><tr><th>Exception</th></tr><tr><td><div class="stacktrace">org.testng.TestNGException: 
Can inject only one of &lt;ITestContext, XmlTest, Method, Object[], ITestResult&gt; into a @BeforeMethod annotated setUp.
For more information on native dependency injection please refer to https://testng.org/doc/documentation-main.html#native-dependency-injection
	at java.base/java.util.ArrayList.forEach(ArrayList.java:1596)
... Removed 32 stack frames</div></td></tr></table><p class="totop"><a href="#summary">back to summary</a></p>
<h3 id="m8">test.FundsTransferTest#tearDown</h3><table class="result"><tr class="param"><th>Parameter #1</th></tr><tr class="param stripe"><td>[TestResult name=transferInsufficientBalance status=SKIP method=FundsTransferTest.transferInsufficientBalance()[pri:7, instance:test.FundsTransferTest@1b7cc17c] output={null}]</td></tr><tr><th>Exception</th></tr><tr><td><div class="stacktrace">java.lang.NullPointerException: Cannot invoke &quot;com.aventstack.extentreports.ExtentTest.log(com.aventstack.extentreports.Status, String)&quot; because &quot;this.test&quot; is null
	at base.BaseTest.tearDown(BaseTest.java:48)
	at java.base/java.util.ArrayList.forEach(ArrayList.java:1596)
... Removed 34 stack frames</div></td></tr></table><p class="totop"><a href="#summary">back to summary</a></p>
<h3 id="m9">test.FundsTransferTest#tearDown</h3><table class="result"><tr class="param"><th>Parameter #1</th></tr><tr class="param stripe"><td>[TestResult name=validTransfer status=SKIP method=FundsTransferTest.validTransfer()[pri:6, instance:test.FundsTransferTest@1b7cc17c] output={null}]</td></tr><tr><th>Exception</th></tr><tr><td><div class="stacktrace">java.lang.NullPointerException: Cannot invoke &quot;com.aventstack.extentreports.ExtentTest.log(com.aventstack.extentreports.Status, String)&quot; because &quot;this.test&quot; is null
	at base.BaseTest.tearDown(BaseTest.java:48)
	at java.base/java.util.ArrayList.forEach(ArrayList.java:1596)
... Removed 34 stack frames</div></td></tr></table><p class="totop"><a href="#summary">back to summary</a></p>
<h3 id="m10">test.LoanRequestTest#setUp</h3><table class="result"><tr><th>Exception</th></tr><tr><td><div class="stacktrace">org.testng.TestNGException: 
Can inject only one of &lt;ITestContext, XmlTest, Method, Object[], ITestResult&gt; into a @BeforeMethod annotated setUp.
For more information on native dependency injection please refer to https://testng.org/doc/documentation-main.html#native-dependency-injection
	at java.base/java.util.ArrayList.forEach(ArrayList.java:1596)
... Removed 32 stack frames</div></td></tr></table><p class="totop"><a href="#summary">back to summary</a></p>
<h3 id="m11">test.LoanRequestTest#setUp</h3><table class="result"><tr><th>Exception</th></tr><tr><td><div class="stacktrace">org.testng.TestNGException: 
Can inject only one of &lt;ITestContext, XmlTest, Method, Object[], ITestResult&gt; into a @BeforeMethod annotated setUp.
For more information on native dependency injection please refer to https://testng.org/doc/documentation-main.html#native-dependency-injection
	at java.base/java.util.ArrayList.forEach(ArrayList.java:1596)
... Removed 32 stack frames</div></td></tr></table><p class="totop"><a href="#summary">back to summary</a></p>
<h3 id="m12">test.LoanRequestTest#tearDown</h3><table class="result"><tr class="param"><th>Parameter #1</th></tr><tr class="param stripe"><td>[TestResult name=requestLoanValid status=SKIP method=LoanRequestTest.requestLoanValid()[pri:8, instance:test.LoanRequestTest@59662a0b] output={null}]</td></tr><tr><th>Exception</th></tr><tr><td><div class="stacktrace">java.lang.NullPointerException: Cannot invoke &quot;com.aventstack.extentreports.ExtentTest.log(com.aventstack.extentreports.Status, String)&quot; because &quot;this.test&quot; is null
	at base.BaseTest.tearDown(BaseTest.java:48)
	at java.base/java.util.ArrayList.forEach(ArrayList.java:1596)
... Removed 34 stack frames</div></td></tr></table><p class="totop"><a href="#summary">back to summary</a></p>
<h3 id="m13">test.LoanRequestTest#tearDown</h3><table class="result"><tr class="param"><th>Parameter #1</th></tr><tr class="param stripe"><td>[TestResult name=requestLoanMissingInfo status=SKIP method=LoanRequestTest.requestLoanMissingInfo()[pri:9, instance:test.LoanRequestTest@59662a0b] output={null}]</td></tr><tr><th>Exception</th></tr><tr><td><div class="stacktrace">java.lang.NullPointerException: Cannot invoke &quot;com.aventstack.extentreports.ExtentTest.log(com.aventstack.extentreports.Status, String)&quot; because &quot;this.test&quot; is null
	at base.BaseTest.tearDown(BaseTest.java:48)
	at java.base/java.util.ArrayList.forEach(ArrayList.java:1596)
... Removed 34 stack frames</div></td></tr></table><p class="totop"><a href="#summary">back to summary</a></p>
<h3 id="m14">test.LoginTest#setUp</h3><table class="result"><tr><th>Exception</th></tr><tr><td><div class="stacktrace">org.testng.TestNGException: 
Can inject only one of &lt;ITestContext, XmlTest, Method, Object[], ITestResult&gt; into a @BeforeMethod annotated setUp.
For more information on native dependency injection please refer to https://testng.org/doc/documentation-main.html#native-dependency-injection
	at java.base/java.util.ArrayList.forEach(ArrayList.java:1596)
... Removed 32 stack frames</div></td></tr></table><p class="totop"><a href="#summary">back to summary</a></p>
<h3 id="m15">test.LoginTest#setUp</h3><table class="result"><tr><th>Exception</th></tr><tr><td><div class="stacktrace">org.testng.TestNGException: 
Can inject only one of &lt;ITestContext, XmlTest, Method, Object[], ITestResult&gt; into a @BeforeMethod annotated setUp.
For more information on native dependency injection please refer to https://testng.org/doc/documentation-main.html#native-dependency-injection
	at java.base/java.util.ArrayList.forEach(ArrayList.java:1596)
... Removed 32 stack frames</div></td></tr></table><p class="totop"><a href="#summary">back to summary</a></p>
<h3 id="m16">test.LoginTest#setUp</h3><table class="result"><tr><th>Exception</th></tr><tr><td><div class="stacktrace">org.testng.TestNGException: 
Can inject only one of &lt;ITestContext, XmlTest, Method, Object[], ITestResult&gt; into a @BeforeMethod annotated setUp.
For more information on native dependency injection please refer to https://testng.org/doc/documentation-main.html#native-dependency-injection
	at java.base/java.util.ArrayList.forEach(ArrayList.java:1596)
... Removed 32 stack frames</div></td></tr></table><p class="totop"><a href="#summary">back to summary</a></p>
<h3 id="m17">test.LoginTest#tearDown</h3><table class="result"><tr class="param"><th>Parameter #1</th></tr><tr class="param stripe"><td>[TestResult name=validLogin status=SKIP method=LoginTest.validLogin()[pri:2, instance:test.LoginTest@6069db50] output={null}]</td></tr><tr><th>Exception</th></tr><tr><td><div class="stacktrace">java.lang.NullPointerException: Cannot invoke &quot;com.aventstack.extentreports.ExtentTest.log(com.aventstack.extentreports.Status, String)&quot; because &quot;this.test&quot; is null
	at base.BaseTest.tearDown(BaseTest.java:48)
	at java.base/java.util.ArrayList.forEach(ArrayList.java:1596)
... Removed 34 stack frames</div></td></tr></table><p class="totop"><a href="#summary">back to summary</a></p>
<h3 id="m18">test.LoginTest#tearDown</h3><table class="result"><tr class="param"><th>Parameter #1</th></tr><tr class="param stripe"><td>[TestResult name=emptyFieldsLogin status=SKIP method=LoginTest.emptyFieldsLogin()[pri:4, instance:test.LoginTest@6069db50] output={null}]</td></tr><tr><th>Exception</th></tr><tr><td><div class="stacktrace">java.lang.NullPointerException: Cannot invoke &quot;com.aventstack.extentreports.ExtentTest.log(com.aventstack.extentreports.Status, String)&quot; because &quot;this.test&quot; is null
	at base.BaseTest.tearDown(BaseTest.java:48)
	at java.base/java.util.ArrayList.forEach(ArrayList.java:1596)
... Removed 34 stack frames</div></td></tr></table><p class="totop"><a href="#summary">back to summary</a></p>
<h3 id="m19">test.LoginTest#tearDown</h3><table class="result"><tr class="param"><th>Parameter #1</th></tr><tr class="param stripe"><td>[TestResult name=invalidPassword status=SKIP method=LoginTest.invalidPassword()[pri:3, instance:test.LoginTest@6069db50] output={null}]</td></tr><tr><th>Exception</th></tr><tr><td><div class="stacktrace">java.lang.NullPointerException: Cannot invoke &quot;com.aventstack.extentreports.ExtentTest.log(com.aventstack.extentreports.Status, String)&quot; because &quot;this.test&quot; is null
	at base.BaseTest.tearDown(BaseTest.java:48)
	at java.base/java.util.ArrayList.forEach(ArrayList.java:1596)
... Removed 34 stack frames</div></td></tr></table><p class="totop"><a href="#summary">back to summary</a></p>
<h3 id="m20">test.NavigationUITest#setUp</h3><table class="result"><tr><th>Exception</th></tr><tr><td><div class="stacktrace">org.testng.TestNGException: 
Can inject only one of &lt;ITestContext, XmlTest, Method, Object[], ITestResult&gt; into a @BeforeMethod annotated setUp.
For more information on native dependency injection please refer to https://testng.org/doc/documentation-main.html#native-dependency-injection
	at java.base/java.util.ArrayList.forEach(ArrayList.java:1596)
... Removed 32 stack frames</div></td></tr></table><p class="totop"><a href="#summary">back to summary</a></p>
<h3 id="m21">test.NavigationUITest#tearDown</h3><table class="result"><tr class="param"><th>Parameter #1</th></tr><tr class="param stripe"><td>[TestResult name=navigationAndLogo status=SKIP method=NavigationUITest.navigationAndLogo()[pri:12, instance:test.NavigationUITest@67c27493] output={null}]</td></tr><tr><th>Exception</th></tr><tr><td><div class="stacktrace">java.lang.NullPointerException: Cannot invoke &quot;com.aventstack.extentreports.ExtentTest.log(com.aventstack.extentreports.Status, String)&quot; because &quot;this.test&quot; is null
	at base.BaseTest.tearDown(BaseTest.java:48)
	at java.base/java.util.ArrayList.forEach(ArrayList.java:1596)
... Removed 34 stack frames</div></td></tr></table><p class="totop"><a href="#summary">back to summary</a></p>
<h3 id="m22">test.RegisterTests#setUp</h3><table class="result"><tr><th>Exception</th></tr><tr><td><div class="stacktrace">org.testng.TestNGException: 
Can inject only one of &lt;ITestContext, XmlTest, Method, Object[], ITestResult&gt; into a @BeforeMethod annotated setUp.
For more information on native dependency injection please refer to https://testng.org/doc/documentation-main.html#native-dependency-injection
	at java.base/java.util.ArrayList.forEach(ArrayList.java:1596)
... Removed 32 stack frames</div></td></tr></table><p class="totop"><a href="#summary">back to summary</a></p>
<h3 id="m23">test.RegisterTests#tearDown</h3><table class="result"><tr class="param"><th>Parameter #1</th></tr><tr class="param stripe"><td>[TestResult name=registerProvidedUser status=SKIP method=RegisterTests.registerProvidedUser()[pri:1, instance:test.RegisterTests@5c33f1a9] output={null}]</td></tr><tr><th>Exception</th></tr><tr><td><div class="stacktrace">java.lang.NullPointerException: Cannot invoke &quot;com.aventstack.extentreports.ExtentTest.log(com.aventstack.extentreports.Status, String)&quot; because &quot;this.test&quot; is null
	at base.BaseTest.tearDown(BaseTest.java:48)
	at java.base/java.util.ArrayList.forEach(ArrayList.java:1596)
... Removed 34 stack frames</div></td></tr></table><p class="totop"><a href="#summary">back to summary</a></p>
<h3 id="m24">test.AccountTest#accountsOverviewAndTable</h3><table class="result"><tr><th>Exception</th></tr><tr><td><div class="stacktrace">org.testng.TestNGException: 
Can inject only one of &lt;ITestContext, XmlTest, Method, Object[], ITestResult&gt; into a @BeforeMethod annotated setUp.
For more information on native dependency injection please refer to https://testng.org/doc/documentation-main.html#native-dependency-injection
	at java.base/java.util.ArrayList.forEach(ArrayList.java:1596)
... Removed 32 stack frames</div></td></tr></table><p class="totop"><a href="#summary">back to summary</a></p>
<h3 id="m25">test.CustomerSupportTest#contactFormEmpty</h3><table class="result"><tr><th>Exception</th></tr><tr><td><div class="stacktrace">java.lang.NullPointerException: Cannot invoke &quot;com.aventstack.extentreports.ExtentTest.log(com.aventstack.extentreports.Status, String)&quot; because &quot;this.test&quot; is null
	at base.BaseTest.tearDown(BaseTest.java:48)
	at java.base/java.util.ArrayList.forEach(ArrayList.java:1596)
... Removed 34 stack frames</div></td></tr></table><p class="totop"><a href="#summary">back to summary</a></p>
<h3 id="m26">test.CustomerSupportTest#contactFormSubmitValid</h3><table class="result"><tr><th>Exception</th></tr><tr><td><div class="stacktrace">org.testng.TestNGException: 
Can inject only one of &lt;ITestContext, XmlTest, Method, Object[], ITestResult&gt; into a @BeforeMethod annotated setUp.
For more information on native dependency injection please refer to https://testng.org/doc/documentation-main.html#native-dependency-injection
	at java.base/java.util.ArrayList.forEach(ArrayList.java:1596)
... Removed 32 stack frames</div></td></tr></table><p class="totop"><a href="#summary">back to summary</a></p>
<h3 id="m27">test.FundsTransferTest#transferInsufficientBalance</h3><table class="result"><tr><th>Exception</th></tr><tr><td><div class="stacktrace">org.testng.TestNGException: 
Can inject only one of &lt;ITestContext, XmlTest, Method, Object[], ITestResult&gt; into a @BeforeMethod annotated setUp.
For more information on native dependency injection please refer to https://testng.org/doc/documentation-main.html#native-dependency-injection
	at java.base/java.util.ArrayList.forEach(ArrayList.java:1596)
... Removed 32 stack frames</div></td></tr></table><p class="totop"><a href="#summary">back to summary</a></p>
<h3 id="m28">test.FundsTransferTest#validTransfer</h3><table class="result"><tr><th>Exception</th></tr><tr><td><div class="stacktrace">org.testng.TestNGException: 
Can inject only one of &lt;ITestContext, XmlTest, Method, Object[], ITestResult&gt; into a @BeforeMethod annotated setUp.
For more information on native dependency injection please refer to https://testng.org/doc/documentation-main.html#native-dependency-injection
	at java.base/java.util.ArrayList.forEach(ArrayList.java:1596)
... Removed 32 stack frames</div></td></tr></table><p class="totop"><a href="#summary">back to summary</a></p>
<h3 id="m29">test.LoanRequestTest#requestLoanMissingInfo</h3><table class="result"><tr><th>Exception</th></tr><tr><td><div class="stacktrace">org.testng.TestNGException: 
Can inject only one of &lt;ITestContext, XmlTest, Method, Object[], ITestResult&gt; into a @BeforeMethod annotated setUp.
For more information on native dependency injection please refer to https://testng.org/doc/documentation-main.html#native-dependency-injection
	at java.base/java.util.ArrayList.forEach(ArrayList.java:1596)
... Removed 32 stack frames</div></td></tr></table><p class="totop"><a href="#summary">back to summary</a></p>
<h3 id="m30">test.LoanRequestTest#requestLoanValid</h3><table class="result"><tr><th>Exception</th></tr><tr><td><div class="stacktrace">org.testng.TestNGException: 
Can inject only one of &lt;ITestContext, XmlTest, Method, Object[], ITestResult&gt; into a @BeforeMethod annotated setUp.
For more information on native dependency injection please refer to https://testng.org/doc/documentation-main.html#native-dependency-injection
	at java.base/java.util.ArrayList.forEach(ArrayList.java:1596)
... Removed 32 stack frames</div></td></tr></table><p class="totop"><a href="#summary">back to summary</a></p>
<h3 id="m31">test.LoginTest#emptyFieldsLogin</h3><table class="result"><tr><th>Exception</th></tr><tr><td><div class="stacktrace">java.lang.NullPointerException: Cannot invoke &quot;com.aventstack.extentreports.ExtentTest.log(com.aventstack.extentreports.Status, String)&quot; because &quot;this.test&quot; is null
	at base.BaseTest.tearDown(BaseTest.java:48)
	at java.base/java.util.ArrayList.forEach(ArrayList.java:1596)
... Removed 34 stack frames</div></td></tr></table><p class="totop"><a href="#summary">back to summary</a></p>
<h3 id="m32">test.LoginTest#invalidPassword</h3><table class="result"><tr><th>Exception</th></tr><tr><td><div class="stacktrace">java.lang.NullPointerException: Cannot invoke &quot;com.aventstack.extentreports.ExtentTest.log(com.aventstack.extentreports.Status, String)&quot; because &quot;this.test&quot; is null
	at base.BaseTest.tearDown(BaseTest.java:48)
	at java.base/java.util.ArrayList.forEach(ArrayList.java:1596)
... Removed 34 stack frames</div></td></tr></table><p class="totop"><a href="#summary">back to summary</a></p>
<h3 id="m33">test.LoginTest#validLogin</h3><table class="result"><tr><th>Exception</th></tr><tr><td><div class="stacktrace">org.testng.TestNGException: 
Can inject only one of &lt;ITestContext, XmlTest, Method, Object[], ITestResult&gt; into a @BeforeMethod annotated setUp.
For more information on native dependency injection please refer to https://testng.org/doc/documentation-main.html#native-dependency-injection
	at java.base/java.util.ArrayList.forEach(ArrayList.java:1596)
... Removed 32 stack frames</div></td></tr></table><p class="totop"><a href="#summary">back to summary</a></p>
<h3 id="m34">test.NavigationUITest#navigationAndLogo</h3><table class="result"><tr><th>Exception</th></tr><tr><td><div class="stacktrace">org.testng.TestNGException: 
Can inject only one of &lt;ITestContext, XmlTest, Method, Object[], ITestResult&gt; into a @BeforeMethod annotated setUp.
For more information on native dependency injection please refer to https://testng.org/doc/documentation-main.html#native-dependency-injection
	at java.base/java.util.ArrayList.forEach(ArrayList.java:1596)
... Removed 32 stack frames</div></td></tr></table><p class="totop"><a href="#summary">back to summary</a></p>
<h3 id="m35">test.RegisterTests#registerProvidedUser</h3><table class="result"><tr><th>Exception</th></tr><tr><td><div class="stacktrace">org.testng.TestNGException: 
Can inject only one of &lt;ITestContext, XmlTest, Method, Object[], ITestResult&gt; into a @BeforeMethod annotated setUp.
For more information on native dependency injection please refer to https://testng.org/doc/documentation-main.html#native-dependency-injection
	at java.base/java.util.ArrayList.forEach(ArrayList.java:1596)
... Removed 32 stack frames</div></td></tr></table><p class="totop"><a href="#summary">back to summary</a></p>
</body>
</html>
